{
  "stats": {
    "suites": 1,
    "tests": 2,
    "passes": 0,
    "pending": 0,
    "failures": 2,
    "start": "2025-04-09T20:46:22.715Z",
    "end": "2025-04-09T20:47:04.549Z",
    "duration": 41834,
    "testsRegistered": 2,
    "passPercent": 0,
    "pendingPercent": 0,
    "other": 0,
    "hasOther": false,
    "skipped": 0,
    "hasSkipped": false
  },
  "results": [
    {
      "uuid": "4b498af8-8fec-4f9f-b2e0-33f94dbeb83c",
      "title": "",
      "fullFile": "cypress\\e2e\\test_02_user_attendance_verify_test_02.cy.js",
      "file": "cypress\\e2e\\test_02_user_attendance_verify_test_02.cy.js",
      "beforeHooks": [],
      "afterHooks": [],
      "tests": [],
      "suites": [
        {
          "uuid": "f8aecc70-7767-4c6b-89dc-1c61e980fac0",
          "title": "attendance tests",
          "fullFile": "",
          "file": "",
          "beforeHooks": [],
          "afterHooks": [],
          "tests": [
            {
              "title": "User Attendance PunchIn Validation 01",
              "fullTitle": "attendance tests User Attendance PunchIn Validation 01",
              "timedOut": null,
              "duration": 20919,
              "state": "failed",
              "speed": null,
              "pass": false,
              "fail": true,
              "pending": false,
              "context": null,
              "code": "loginWithValidUser();\n// cy.visit(\"https://opensource-demo.orangehrmlive.com/web/index.php/auth/login\")\n(0, _utils.assertText)(attendanceData.attendancePunchInPunchOutCase1.employeeAttendancePunchedOutValidationText);\ndashboardPage.clickOnAttendancePunchInClockButton();\n(0, _utils.assertText)(attendanceData.attendancePunchInPunchOutCase1.employeeAttendancePunchInValidationText);\nattendancePage.enterAttendancePunchInNote(attendanceData.attendancePunchInPunchOutCase1.employeeAttendancePunchInNote);\nattendancePage.clickOnPunchInButton();\n(0, _utils.assertText)(attendanceData.attendancePunchInPunchOutCase1.employeeAttendancePunchInNote);\n(0, _utils.assertText)(attendanceData.attendancePunchInPunchOutCase1.employeeAttendancePunchOutValidationText);\n(0, _utils.waitForElementToLoad)(60000);\n// attendancePage.clickOnPunchOutButton()\n// assertText(attendanceData.attendancePunchInPunchOutCase1.attendancePunchOutValidation)\nloginPage.clickOnUserLogDropdown();\n(0, _utils.waitForElementToLoad)();\nloginPage.clickOnLogut();\n(0, _utils.assertText)(_projectConstants.PAGE_TITLES.login);",
              "err": {
                "message": "AssertionError: Timed out retrying after 10000ms: Expected to find content: 'Punch In' but never did.",
                "estack": "AssertionError: Timed out retrying after 10000ms: Expected to find content: 'Punch In' but never did.\n    at assertText (webpack://orangehrmautomation/./cypress/support/utils.js:24:7)\n    at Context.eval (webpack://orangehrmautomation/./cypress/e2e/test_02_user_attendance_verify_test_02.cy.js:74:19)",
                "diff": null
              },
              "uuid": "f4684dce-5916-4a03-bba3-419f84f740f2",
              "parentUUID": "f8aecc70-7767-4c6b-89dc-1c61e980fac0",
              "isHook": false,
              "skipped": false
            },
            {
              "title": "User Attendance PunchIn Validation 01",
              "fullTitle": "attendance tests User Attendance PunchIn Validation 01",
              "timedOut": null,
              "duration": 13454,
              "state": "failed",
              "speed": null,
              "pass": false,
              "fail": true,
              "pending": false,
              "context": null,
              "code": "loginWithValidUser();\n(0, _utils.assertText)(attendanceData.attendancePunchInPunchOutCase1.employeeAttendancePunchedInValidationText);\n// cy.visit(\"https://opensource-demo.orangehrmlive.com/web/index.php/auth/login\")\ndashboardPage.clickOnAttendancePunchInClockButton();\n(0, _utils.assertText)(attendanceData.attendancePunchInPunchOutCase1.employeeAttendancePunchOutValidationText);\nattendancePage.enterAttendancePunchInNote(attendanceData.attendancePunchInPunchOutCase1.employeeAttendancePunchOutNote);\nattendancePage.clickOnPunchOutButton();\n// attendancePage.clickOnPunchInButton()\n(0, _utils.assertText)(attendanceData.attendancePunchInPunchOutCase1.employeeAttendancePunchInValidationText);\n// waitForElementToLoad(15000)\n// attendancePage.clickOnPunchOutButton()\n// assertText(attendanceData.attendancePunchInPunchOutCase1.attendancePunchOutValidation)\nloginPage.clickOnUserLogDropdown();\n(0, _utils.waitForElementToLoad)();\nloginPage.clickOnLogut();\n(0, _utils.assertText)(_projectConstants.PAGE_TITLES.login);",
              "err": {
                "message": "AssertionError: expected 'Punched In Note' to equal 'Punched In'",
                "estack": "AssertionError: expected 'Punched In Note' to equal 'Punched In'\n    at Context.eval (webpack://orangehrmautomation/./cypress/support/utils.js:27:39)\n    at getRet (https://opensource-demo.orangehrmlive.com/__cypress/runner/cypress_runner.js:119371:20)\n    at tryCatcher (https://opensource-demo.orangehrmlive.com/__cypress/runner/cypress_runner.js:1777:23)\n    at Promise.attempt.Promise.try (https://opensource-demo.orangehrmlive.com/__cypress/runner/cypress_runner.js:4285:29)\n    at Context.thenFn (https://opensource-demo.orangehrmlive.com/__cypress/runner/cypress_runner.js:119382:66)\n    at Context.then (https://opensource-demo.orangehrmlive.com/__cypress/runner/cypress_runner.js:119633:21)",
                "diff": "- 'Punched In Note'\n+ 'Punched In'\n"
              },
              "uuid": "b49c0aa1-f498-4c4d-b28d-27f800e0186d",
              "parentUUID": "f8aecc70-7767-4c6b-89dc-1c61e980fac0",
              "isHook": false,
              "skipped": false
            }
          ],
          "suites": [],
          "passes": [],
          "failures": [
            "f4684dce-5916-4a03-bba3-419f84f740f2",
            "b49c0aa1-f498-4c4d-b28d-27f800e0186d"
          ],
          "pending": [],
          "skipped": [],
          "duration": 34373,
          "root": false,
          "rootEmpty": false,
          "_timeout": 2000
        }
      ],
      "passes": [],
      "failures": [],
      "pending": [],
      "skipped": [],
      "duration": 0,
      "root": true,
      "rootEmpty": true,
      "_timeout": 2000
    }
  ],
  "meta": {
    "mocha": {
      "version": "7.0.1"
    },
    "mochawesome": {
      "options": {
        "quiet": false,
        "reportFilename": "mochawesome",
        "saveHtml": true,
        "saveJson": true,
        "consoleReporter": "spec",
        "useInlineDiffs": false,
        "code": true
      },
      "version": "7.1.3"
    },
    "marge": {
      "options": {
        "reportDir": "cypress/report/mochawesome-report",
        "overwrite": false,
        "html": true,
        "json": true,
        "charts": true
      },
      "version": "6.2.0"
    }
  }
}